Terminals unused in grammar

    ','


Grammar

    0 $accept: calculator $end

    1 calculator: expression

    2 expression: NATURAL
    3           | expression '+' expression
    4           | expression '-' expression
    5           | expression '*' expression
    6           | expression '/' expression
    7           | '(' expression ')'


Terminals, with rules where they appear

    $end (0) 0
    '(' (40) 7
    ')' (41) 7
    '*' (42) 5
    '+' (43) 3
    ',' (44)
    '-' (45) 4
    '/' (47) 6
    error (256)
    NATURAL (258) 2


Nonterminals, with rules where they appear

    $accept (11)
        on left: 0
    calculator (12)
        on left: 1
        on right: 0
    expression (13)
        on left: 2 3 4 5 6 7
        on right: 1 3 4 5 6 7


State 0

    0 $accept: • calculator $end

    NATURAL  shift, and go to state 1
    '('      shift, and go to state 2

    calculator  go to state 3
    expression  go to state 4


State 1

    2 expression: NATURAL •

    $default  reduce using rule 2 (expression)


State 2

    7 expression: '(' • expression ')'

    NATURAL  shift, and go to state 1
    '('      shift, and go to state 2

    expression  go to state 5


State 3

    0 $accept: calculator • $end

    $end  shift, and go to state 6


State 4

    1 calculator: expression •
    3 expression: expression • '+' expression
    4           | expression • '-' expression
    5           | expression • '*' expression
    6           | expression • '/' expression

    '+'  shift, and go to state 7
    '-'  shift, and go to state 8
    '/'  shift, and go to state 9
    '*'  shift, and go to state 10

    $default  reduce using rule 1 (calculator)


State 5

    3 expression: expression • '+' expression
    4           | expression • '-' expression
    5           | expression • '*' expression
    6           | expression • '/' expression
    7           | '(' expression • ')'

    '+'  shift, and go to state 7
    '-'  shift, and go to state 8
    '/'  shift, and go to state 9
    '*'  shift, and go to state 10
    ')'  shift, and go to state 11


State 6

    0 $accept: calculator $end •

    $default  accept


State 7

    3 expression: expression '+' • expression

    NATURAL  shift, and go to state 1
    '('      shift, and go to state 2

    expression  go to state 12


State 8

    4 expression: expression '-' • expression

    NATURAL  shift, and go to state 1
    '('      shift, and go to state 2

    expression  go to state 13


State 9

    6 expression: expression '/' • expression

    NATURAL  shift, and go to state 1
    '('      shift, and go to state 2

    expression  go to state 14


State 10

    5 expression: expression '*' • expression

    NATURAL  shift, and go to state 1
    '('      shift, and go to state 2

    expression  go to state 15


State 11

    7 expression: '(' expression ')' •

    $default  reduce using rule 7 (expression)


State 12

    3 expression: expression • '+' expression
    3           | expression '+' expression •
    4           | expression • '-' expression
    5           | expression • '*' expression
    6           | expression • '/' expression

    '/'  shift, and go to state 9
    '*'  shift, and go to state 10

    $default  reduce using rule 3 (expression)


State 13

    3 expression: expression • '+' expression
    4           | expression • '-' expression
    4           | expression '-' expression •
    5           | expression • '*' expression
    6           | expression • '/' expression

    '/'  shift, and go to state 9
    '*'  shift, and go to state 10

    $default  reduce using rule 4 (expression)


State 14

    3 expression: expression • '+' expression
    4           | expression • '-' expression
    5           | expression • '*' expression
    6           | expression • '/' expression
    6           | expression '/' expression •

    $default  reduce using rule 6 (expression)


State 15

    3 expression: expression • '+' expression
    4           | expression • '-' expression
    5           | expression • '*' expression
    5           | expression '*' expression •
    6           | expression • '/' expression

    $default  reduce using rule 5 (expression)
